<?xml version="1.0" encoding="UTF-8"?>
<coverage generated="1607941368084" clover="3.2.0">
  <project timestamp="1607941368084" name="All files">
    <metrics statements="87" coveredstatements="20" conditionals="27" coveredconditionals="5" methods="40" coveredmethods="10" elements="154" coveredelements="35" complexity="0" loc="87" ncloc="87" packages="10" files="13" classes="13"/>
    <package name="src">
      <metrics statements="0" coveredstatements="0" conditionals="0" coveredconditionals="0" methods="0" coveredmethods="0"/>
      <file name="index.ts" path="/Users/xingyuefeng/code/github/multi-hooks/packages/hooks/src/index.ts">
        <metrics statements="0" coveredstatements="0" conditionals="0" coveredconditionals="0" methods="0" coveredmethods="0"/>
      </file>
    </package>
    <package name="src.useClickAway">
      <metrics statements="14" coveredstatements="0" conditionals="7" coveredconditionals="0" methods="5" coveredmethods="0"/>
      <file name="index.ts" path="/Users/xingyuefeng/code/github/multi-hooks/packages/hooks/src/useClickAway/index.ts">
        <metrics statements="14" coveredstatements="0" conditionals="7" coveredconditionals="0" methods="5" coveredmethods="0"/>
        <line num="4" count="0" type="stmt"/>
        <line num="14" count="0" type="stmt"/>
        <line num="16" count="0" type="stmt"/>
        <line num="18" count="0" type="stmt"/>
        <line num="19" count="0" type="stmt"/>
        <line num="20" count="0" type="cond" truecount="0" falsecount="2"/>
        <line num="22" count="0" type="cond" truecount="0" falsecount="2"/>
        <line num="24" count="0" type="stmt"/>
        <line num="25" count="0" type="cond" truecount="0" falsecount="2"/>
        <line num="28" count="0" type="stmt"/>
        <line num="30" count="0" type="stmt"/>
        <line num="33" count="0" type="stmt"/>
        <line num="35" count="0" type="stmt"/>
        <line num="36" count="0" type="stmt"/>
      </file>
    </package>
    <package name="src.useClickAway.demos">
      <metrics statements="19" coveredstatements="0" conditionals="0" coveredconditionals="0" methods="10" coveredmethods="0"/>
      <file name="demo1.tsx" path="/Users/xingyuefeng/code/github/multi-hooks/packages/hooks/src/useClickAway/demos/demo1.tsx">
        <metrics statements="5" coveredstatements="0" conditionals="0" coveredconditionals="0" methods="3" coveredmethods="0"/>
        <line num="13" count="0" type="stmt"/>
        <line num="15" count="0" type="stmt"/>
        <line num="17" count="0" type="stmt"/>
        <line num="18" count="0" type="stmt"/>
        <line num="21" count="0" type="stmt"/>
      </file>
      <file name="demo2.tsx" path="/Users/xingyuefeng/code/github/multi-hooks/packages/hooks/src/useClickAway/demos/demo2.tsx">
        <metrics statements="6" coveredstatements="0" conditionals="0" coveredconditionals="0" methods="3" coveredmethods="0"/>
        <line num="13" count="0" type="stmt"/>
        <line num="15" count="0" type="stmt"/>
        <line num="16" count="0" type="stmt"/>
        <line num="18" count="0" type="stmt"/>
        <line num="19" count="0" type="stmt"/>
        <line num="22" count="0" type="stmt"/>
      </file>
      <file name="demo3.tsx" path="/Users/xingyuefeng/code/github/multi-hooks/packages/hooks/src/useClickAway/demos/demo3.tsx">
        <metrics statements="8" coveredstatements="0" conditionals="0" coveredconditionals="0" methods="4" coveredmethods="0"/>
        <line num="4" count="0" type="stmt"/>
        <line num="6" count="0" type="stmt"/>
        <line num="7" count="0" type="stmt"/>
        <line num="10" count="0" type="stmt"/>
        <line num="11" count="0" type="stmt"/>
        <line num="14" count="0" type="stmt"/>
        <line num="15" count="0" type="stmt"/>
        <line num="18" count="0" type="stmt"/>
      </file>
    </package>
    <package name="src.useLockFn">
      <metrics statements="11" coveredstatements="9" conditionals="2" coveredconditionals="2" methods="2" coveredmethods="2"/>
      <file name="index.ts" path="/Users/xingyuefeng/code/github/multi-hooks/packages/hooks/src/useLockFn/index.ts">
        <metrics statements="11" coveredstatements="9" conditionals="2" coveredconditionals="2" methods="2" coveredmethods="2"/>
        <line num="3" count="1" type="stmt"/>
        <line num="4" count="1" type="stmt"/>
        <line num="6" count="1" type="stmt"/>
        <line num="7" count="4" type="cond" truecount="2" falsecount="0"/>
        <line num="8" count="2" type="stmt"/>
        <line num="9" count="2" type="stmt"/>
        <line num="10" count="2" type="stmt"/>
        <line num="11" count="1" type="stmt"/>
        <line num="12" count="1" type="stmt"/>
        <line num="14" count="0" type="stmt"/>
        <line num="15" count="0" type="stmt"/>
      </file>
    </package>
    <package name="src.useLockFn.demos">
      <metrics statements="10" coveredstatements="0" conditionals="0" coveredconditionals="0" methods="6" coveredmethods="0"/>
      <file name="demo1.tsx" path="/Users/xingyuefeng/code/github/multi-hooks/packages/hooks/src/useLockFn/demos/demo1.tsx">
        <metrics statements="10" coveredstatements="0" conditionals="0" coveredconditionals="0" methods="6" coveredmethods="0"/>
        <line num="12" count="0" type="stmt"/>
        <line num="13" count="0" type="stmt"/>
        <line num="14" count="0" type="stmt"/>
        <line num="19" count="0" type="stmt"/>
        <line num="20" count="0" type="stmt"/>
        <line num="21" count="0" type="stmt"/>
        <line num="22" count="0" type="stmt"/>
        <line num="23" count="0" type="stmt"/>
        <line num="24" count="0" type="stmt"/>
        <line num="26" count="0" type="stmt"/>
      </file>
    </package>
    <package name="src.useMount">
      <metrics statements="2" coveredstatements="2" conditionals="0" coveredconditionals="0" methods="2" coveredmethods="2"/>
      <file name="index.ts" path="/Users/xingyuefeng/code/github/multi-hooks/packages/hooks/src/useMount/index.ts">
        <metrics statements="2" coveredstatements="2" conditionals="0" coveredconditionals="0" methods="2" coveredmethods="2"/>
        <line num="3" count="1" type="stmt"/>
        <line num="4" count="2" type="stmt"/>
      </file>
    </package>
    <package name="src.useMount.demos">
      <metrics statements="7" coveredstatements="0" conditionals="4" coveredconditionals="0" methods="4" coveredmethods="0"/>
      <file name="demo1.tsx" path="/Users/xingyuefeng/code/github/multi-hooks/packages/hooks/src/useMount/demos/demo1.tsx">
        <metrics statements="7" coveredstatements="0" conditionals="4" coveredconditionals="0" methods="4" coveredmethods="0"/>
        <line num="10" count="0" type="stmt"/>
        <line num="11" count="0" type="stmt"/>
        <line num="12" count="0" type="stmt"/>
        <line num="15" count="0" type="stmt"/>
        <line num="19" count="0" type="stmt"/>
        <line num="21" count="0" type="stmt"/>
        <line num="23" count="0" type="stmt"/>
      </file>
    </package>
    <package name="src.useUnmount">
      <metrics statements="6" coveredstatements="6" conditionals="4" coveredconditionals="3" methods="3" coveredmethods="3"/>
      <file name="index.ts" path="/Users/xingyuefeng/code/github/multi-hooks/packages/hooks/src/useUnmount/index.ts">
        <metrics statements="6" coveredstatements="6" conditionals="4" coveredconditionals="3" methods="3" coveredmethods="3"/>
        <line num="3" count="1" type="stmt"/>
        <line num="5" count="2" type="stmt"/>
        <line num="6" count="2" type="stmt"/>
        <line num="8" count="2" type="stmt"/>
        <line num="9" count="1" type="cond" truecount="3" falsecount="1"/>
        <line num="10" count="1" type="stmt"/>
      </file>
    </package>
    <package name="src.useUnmount.demos">
      <metrics statements="7" coveredstatements="0" conditionals="4" coveredconditionals="0" methods="4" coveredmethods="0"/>
      <file name="demo1.tsx" path="/Users/xingyuefeng/code/github/multi-hooks/packages/hooks/src/useUnmount/demos/demo1.tsx">
        <metrics statements="7" coveredstatements="0" conditionals="4" coveredconditionals="0" methods="4" coveredmethods="0"/>
        <line num="10" count="0" type="stmt"/>
        <line num="11" count="0" type="stmt"/>
        <line num="12" count="0" type="stmt"/>
        <line num="15" count="0" type="stmt"/>
        <line num="19" count="0" type="stmt"/>
        <line num="21" count="0" type="stmt"/>
        <line num="23" count="0" type="stmt"/>
      </file>
    </package>
    <package name="src.utils">
      <metrics statements="11" coveredstatements="3" conditionals="6" coveredconditionals="0" methods="4" coveredmethods="3"/>
      <file name="dom.ts" path="/Users/xingyuefeng/code/github/multi-hooks/packages/hooks/src/utils/dom.ts">
        <metrics statements="8" coveredstatements="0" conditionals="6" coveredconditionals="0" methods="1" coveredmethods="0"/>
        <line num="17" count="0" type="cond" truecount="0" falsecount="2"/>
        <line num="18" count="0" type="stmt"/>
        <line num="22" count="0" type="cond" truecount="0" falsecount="2"/>
        <line num="23" count="0" type="stmt"/>
        <line num="25" count="0" type="cond" truecount="0" falsecount="2"/>
        <line num="26" count="0" type="stmt"/>
        <line num="29" count="0" type="stmt"/>
        <line num="32" count="0" type="stmt"/>
      </file>
      <file name="testingHelpers.ts" path="/Users/xingyuefeng/code/github/multi-hooks/packages/hooks/src/utils/testingHelpers.ts">
        <metrics statements="3" coveredstatements="3" conditionals="0" coveredconditionals="0" methods="3" coveredmethods="3"/>
        <line num="2" count="5" type="stmt"/>
        <line num="3" count="5" type="stmt"/>
        <line num="4" count="4" type="stmt"/>
      </file>
    </package>
  </project>
</coverage>
