{"/Users/xingyuefeng/code/github/multi-hooks/packages/hooks/src/index.ts": {"path":"/Users/xingyuefeng/code/github/multi-hooks/packages/hooks/src/index.ts","statementMap":{},"fnMap":{},"branchMap":{},"s":{},"f":{},"b":{}}
,"/Users/xingyuefeng/code/github/multi-hooks/packages/hooks/src/useClickAway/index.ts": {"path":"/Users/xingyuefeng/code/github/multi-hooks/packages/hooks/src/useClickAway/index.ts","statementMap":{"0":{"start":{"line":4,"column":21},"end":{"line":4,"column":28}},"1":{"start":{"line":14,"column":25},"end":{"line":14,"column":44}},"2":{"start":{"line":16,"column":2},"end":{"line":16,"column":39}},"3":{"start":{"line":18,"column":2},"end":{"line":38,"column":26}},"4":{"start":{"line":19,"column":25},"end":{"line":31,"column":5}},"5":{"start":{"line":20,"column":22},"end":{"line":20,"column":63}},"6":{"start":{"line":22,"column":6},"end":{"line":29,"column":7}},"7":{"start":{"line":24,"column":32},"end":{"line":24,"column":75}},"8":{"start":{"line":25,"column":10},"end":{"line":25,"column":73}},"9":{"start":{"line":28,"column":8},"end":{"line":28,"column":15}},"10":{"start":{"line":30,"column":6},"end":{"line":30,"column":36}},"11":{"start":{"line":33,"column":4},"end":{"line":33,"column":55}},"12":{"start":{"line":35,"column":4},"end":{"line":37,"column":6}},"13":{"start":{"line":36,"column":6},"end":{"line":36,"column":60}}},"fnMap":{"0":{"name":"useClickAway","decl":{"start":{"line":9,"column":24},"end":{"line":9,"column":36}},"loc":{"start":{"line":13,"column":2},"end":{"line":39,"column":1}},"line":13},"1":{"name":"(anonymous_1)","decl":{"start":{"line":18,"column":12},"end":{"line":18,"column":13}},"loc":{"start":{"line":18,"column":18},"end":{"line":38,"column":3}},"line":18},"2":{"name":"(anonymous_2)","decl":{"start":{"line":19,"column":25},"end":{"line":19,"column":26}},"loc":{"start":{"line":19,"column":41},"end":{"line":31,"column":5}},"line":19},"3":{"name":"(anonymous_3)","decl":{"start":{"line":23,"column":21},"end":{"line":23,"column":22}},"loc":{"start":{"line":23,"column":35},"end":{"line":26,"column":9}},"line":23},"4":{"name":"(anonymous_4)","decl":{"start":{"line":35,"column":11},"end":{"line":35,"column":12}},"loc":{"start":{"line":35,"column":17},"end":{"line":37,"column":5}},"line":35}},"branchMap":{"0":{"loc":{"start":{"line":12,"column":2},"end":{"line":12,"column":34}},"type":"default-arg","locations":[{"start":{"line":12,"column":22},"end":{"line":12,"column":34}}],"line":12},"1":{"loc":{"start":{"line":20,"column":22},"end":{"line":20,"column":63}},"type":"cond-expr","locations":[{"start":{"line":20,"column":46},"end":{"line":20,"column":52}},{"start":{"line":20,"column":55},"end":{"line":20,"column":63}}],"line":20},"2":{"loc":{"start":{"line":22,"column":6},"end":{"line":29,"column":7}},"type":"if","locations":[{"start":{"line":22,"column":6},"end":{"line":29,"column":7}},{"start":{"line":22,"column":6},"end":{"line":29,"column":7}}],"line":22},"3":{"loc":{"start":{"line":25,"column":17},"end":{"line":25,"column":72}},"type":"binary-expr","locations":[{"start":{"line":25,"column":17},"end":{"line":25,"column":31}},{"start":{"line":25,"column":35},"end":{"line":25,"column":72}}],"line":25}},"s":{"0":0,"1":0,"2":0,"3":0,"4":0,"5":0,"6":0,"7":0,"8":0,"9":0,"10":0,"11":0,"12":0,"13":0},"f":{"0":0,"1":0,"2":0,"3":0,"4":0},"b":{"0":[0],"1":[0,0],"2":[0,0],"3":[0,0]}}
,"/Users/xingyuefeng/code/github/multi-hooks/packages/hooks/src/useClickAway/demos/demo1.tsx": {"path":"/Users/xingyuefeng/code/github/multi-hooks/packages/hooks/src/useClickAway/demos/demo1.tsx","statementMap":{"0":{"start":{"line":13,"column":32},"end":{"line":13,"column":43}},"1":{"start":{"line":15,"column":14},"end":{"line":15,"column":42}},"2":{"start":{"line":17,"column":2},"end":{"line":19,"column":10}},"3":{"start":{"line":18,"column":4},"end":{"line":18,"column":29}},"4":{"start":{"line":18,"column":22},"end":{"line":18,"column":27}},"5":{"start":{"line":21,"column":2},"end":{"line":28,"column":4}}},"fnMap":{"0":{"name":"(anonymous_0)","decl":{"start":{"line":12,"column":15},"end":{"line":12,"column":16}},"loc":{"start":{"line":12,"column":21},"end":{"line":29,"column":1}},"line":12},"1":{"name":"(anonymous_1)","decl":{"start":{"line":17,"column":15},"end":{"line":17,"column":16}},"loc":{"start":{"line":17,"column":21},"end":{"line":19,"column":3}},"line":17},"2":{"name":"(anonymous_2)","decl":{"start":{"line":18,"column":15},"end":{"line":18,"column":16}},"loc":{"start":{"line":18,"column":22},"end":{"line":18,"column":27}},"line":18}},"branchMap":{},"s":{"0":0,"1":0,"2":0,"3":0,"4":0,"5":0},"f":{"0":0,"1":0,"2":0},"b":{}}
,"/Users/xingyuefeng/code/github/multi-hooks/packages/hooks/src/useClickAway/demos/demo2.tsx": {"path":"/Users/xingyuefeng/code/github/multi-hooks/packages/hooks/src/useClickAway/demos/demo2.tsx","statementMap":{"0":{"start":{"line":13,"column":32},"end":{"line":13,"column":43}},"1":{"start":{"line":15,"column":15},"end":{"line":15,"column":46}},"2":{"start":{"line":16,"column":15},"end":{"line":16,"column":46}},"3":{"start":{"line":18,"column":2},"end":{"line":20,"column":19}},"4":{"start":{"line":19,"column":4},"end":{"line":19,"column":29}},"5":{"start":{"line":19,"column":22},"end":{"line":19,"column":27}},"6":{"start":{"line":22,"column":2},"end":{"line":30,"column":4}}},"fnMap":{"0":{"name":"(anonymous_0)","decl":{"start":{"line":12,"column":15},"end":{"line":12,"column":16}},"loc":{"start":{"line":12,"column":21},"end":{"line":31,"column":1}},"line":12},"1":{"name":"(anonymous_1)","decl":{"start":{"line":18,"column":15},"end":{"line":18,"column":16}},"loc":{"start":{"line":18,"column":21},"end":{"line":20,"column":3}},"line":18},"2":{"name":"(anonymous_2)","decl":{"start":{"line":19,"column":15},"end":{"line":19,"column":16}},"loc":{"start":{"line":19,"column":22},"end":{"line":19,"column":27}},"line":19}},"branchMap":{},"s":{"0":0,"1":0,"2":0,"3":0,"4":0,"5":0,"6":0},"f":{"0":0,"1":0,"2":0},"b":{}}
,"/Users/xingyuefeng/code/github/multi-hooks/packages/hooks/src/useClickAway/demos/demo3.tsx": {"path":"/Users/xingyuefeng/code/github/multi-hooks/packages/hooks/src/useClickAway/demos/demo3.tsx","statementMap":{"0":{"start":{"line":4,"column":32},"end":{"line":4,"column":44}},"1":{"start":{"line":6,"column":22},"end":{"line":8,"column":3}},"2":{"start":{"line":7,"column":4},"end":{"line":7,"column":34}},"3":{"start":{"line":10,"column":26},"end":{"line":12,"column":3}},"4":{"start":{"line":11,"column":4},"end":{"line":11,"column":34}},"5":{"start":{"line":14,"column":30},"end":{"line":16,"column":3}},"6":{"start":{"line":15,"column":4},"end":{"line":15,"column":31}},"7":{"start":{"line":18,"column":2},"end":{"line":23,"column":4}}},"fnMap":{"0":{"name":"MessageThread","decl":{"start":{"line":3,"column":24},"end":{"line":3,"column":37}},"loc":{"start":{"line":3,"column":40},"end":{"line":24,"column":1}},"line":3},"1":{"name":"(anonymous_1)","decl":{"start":{"line":6,"column":22},"end":{"line":6,"column":23}},"loc":{"start":{"line":6,"column":28},"end":{"line":8,"column":3}},"line":6},"2":{"name":"(anonymous_2)","decl":{"start":{"line":10,"column":26},"end":{"line":10,"column":27}},"loc":{"start":{"line":10,"column":32},"end":{"line":12,"column":3}},"line":10},"3":{"name":"(anonymous_3)","decl":{"start":{"line":14,"column":30},"end":{"line":14,"column":31}},"loc":{"start":{"line":14,"column":41},"end":{"line":16,"column":3}},"line":14}},"branchMap":{},"s":{"0":0,"1":0,"2":0,"3":0,"4":0,"5":0,"6":0,"7":0},"f":{"0":0,"1":0,"2":0,"3":0},"b":{}}
,"/Users/xingyuefeng/code/github/multi-hooks/packages/hooks/src/useLockFn/index.ts": {"path":"/Users/xingyuefeng/code/github/multi-hooks/packages/hooks/src/useLockFn/index.ts","statementMap":{"0":{"start":{"line":3,"column":18},"end":{"line":18,"column":1}},"1":{"start":{"line":4,"column":18},"end":{"line":4,"column":31}},"2":{"start":{"line":6,"column":2},"end":{"line":17,"column":4}},"3":{"start":{"line":7,"column":4},"end":{"line":7,"column":32}},"4":{"start":{"line":7,"column":25},"end":{"line":7,"column":32}},"5":{"start":{"line":8,"column":4},"end":{"line":8,"column":27}},"6":{"start":{"line":9,"column":4},"end":{"line":16,"column":5}},"7":{"start":{"line":10,"column":18},"end":{"line":10,"column":35}},"8":{"start":{"line":11,"column":6},"end":{"line":11,"column":30}},"9":{"start":{"line":12,"column":6},"end":{"line":12,"column":17}},"10":{"start":{"line":14,"column":6},"end":{"line":14,"column":30}},"11":{"start":{"line":15,"column":6},"end":{"line":15,"column":14}}},"fnMap":{"0":{"name":"(anonymous_0)","decl":{"start":{"line":3,"column":18},"end":{"line":3,"column":19}},"loc":{"start":{"line":3,"column":100},"end":{"line":18,"column":1}},"line":3},"1":{"name":"(anonymous_1)","decl":{"start":{"line":6,"column":9},"end":{"line":6,"column":10}},"loc":{"start":{"line":6,"column":31},"end":{"line":17,"column":3}},"line":6}},"branchMap":{"0":{"loc":{"start":{"line":7,"column":4},"end":{"line":7,"column":32}},"type":"if","locations":[{"start":{"line":7,"column":4},"end":{"line":7,"column":32}},{"start":{"line":7,"column":4},"end":{"line":7,"column":32}}],"line":7}},"s":{"0":1,"1":1,"2":1,"3":4,"4":2,"5":2,"6":2,"7":2,"8":1,"9":1,"10":0,"11":0},"f":{"0":1,"1":4},"b":{"0":[2,2]},"_coverageSchema":"1a1c01bbd47fc00a2c39e90264f33305004495a9","hash":"1d687286c283d14626e1179371d687112680d9ee"}
,"/Users/xingyuefeng/code/github/multi-hooks/packages/hooks/src/useLockFn/demos/demo1.tsx": {"path":"/Users/xingyuefeng/code/github/multi-hooks/packages/hooks/src/useLockFn/demos/demo1.tsx","statementMap":{"0":{"start":{"line":12,"column":2},"end":{"line":16,"column":5}},"1":{"start":{"line":13,"column":4},"end":{"line":15,"column":13}},"2":{"start":{"line":14,"column":6},"end":{"line":14,"column":16}},"3":{"start":{"line":19,"column":28},"end":{"line":19,"column":39}},"4":{"start":{"line":20,"column":17},"end":{"line":25,"column":4}},"5":{"start":{"line":21,"column":4},"end":{"line":21,"column":36}},"6":{"start":{"line":22,"column":4},"end":{"line":22,"column":27}},"7":{"start":{"line":23,"column":4},"end":{"line":23,"column":31}},"8":{"start":{"line":23,"column":22},"end":{"line":23,"column":29}},"9":{"start":{"line":24,"column":4},"end":{"line":24,"column":39}},"10":{"start":{"line":26,"column":2},"end":{"line":31,"column":4}}},"fnMap":{"0":{"name":"mockApiRequest","decl":{"start":{"line":11,"column":9},"end":{"line":11,"column":23}},"loc":{"start":{"line":11,"column":26},"end":{"line":17,"column":1}},"line":11},"1":{"name":"(anonymous_1)","decl":{"start":{"line":12,"column":21},"end":{"line":12,"column":22}},"loc":{"start":{"line":12,"column":34},"end":{"line":16,"column":3}},"line":12},"2":{"name":"(anonymous_2)","decl":{"start":{"line":13,"column":15},"end":{"line":13,"column":16}},"loc":{"start":{"line":13,"column":21},"end":{"line":15,"column":5}},"line":13},"3":{"name":"(anonymous_3)","decl":{"start":{"line":18,"column":15},"end":{"line":18,"column":16}},"loc":{"start":{"line":18,"column":21},"end":{"line":32,"column":1}},"line":18},"4":{"name":"(anonymous_4)","decl":{"start":{"line":20,"column":27},"end":{"line":20,"column":28}},"loc":{"start":{"line":20,"column":39},"end":{"line":25,"column":3}},"line":20},"5":{"name":"(anonymous_5)","decl":{"start":{"line":23,"column":13},"end":{"line":23,"column":14}},"loc":{"start":{"line":23,"column":22},"end":{"line":23,"column":29}},"line":23}},"branchMap":{},"s":{"0":0,"1":0,"2":0,"3":0,"4":0,"5":0,"6":0,"7":0,"8":0,"9":0,"10":0},"f":{"0":0,"1":0,"2":0,"3":0,"4":0,"5":0},"b":{}}
,"/Users/xingyuefeng/code/github/multi-hooks/packages/hooks/src/useMount/index.ts": {"path":"/Users/xingyuefeng/code/github/multi-hooks/packages/hooks/src/useMount/index.ts","statementMap":{"0":{"start":{"line":3,"column":17},"end":{"line":5,"column":1}},"1":{"start":{"line":4,"column":2},"end":{"line":4,"column":28}},"2":{"start":{"line":4,"column":18},"end":{"line":4,"column":22}}},"fnMap":{"0":{"name":"(anonymous_0)","decl":{"start":{"line":3,"column":17},"end":{"line":3,"column":18}},"loc":{"start":{"line":3,"column":37},"end":{"line":5,"column":1}},"line":3},"1":{"name":"(anonymous_1)","decl":{"start":{"line":4,"column":12},"end":{"line":4,"column":13}},"loc":{"start":{"line":4,"column":18},"end":{"line":4,"column":22}},"line":4}},"branchMap":{},"s":{"0":1,"1":2,"2":1},"f":{"0":2,"1":1},"b":{},"_coverageSchema":"1a1c01bbd47fc00a2c39e90264f33305004495a9","hash":"f73e4c8a726d4d79e6b7ebecbf858bef441a4656"}
,"/Users/xingyuefeng/code/github/multi-hooks/packages/hooks/src/useMount/demos/demo1.tsx": {"path":"/Users/xingyuefeng/code/github/multi-hooks/packages/hooks/src/useMount/demos/demo1.tsx","statementMap":{"0":{"start":{"line":10,"column":20},"end":{"line":16,"column":1}},"1":{"start":{"line":11,"column":2},"end":{"line":13,"column":5}},"2":{"start":{"line":12,"column":4},"end":{"line":12,"column":26}},"3":{"start":{"line":15,"column":2},"end":{"line":15,"column":32}},"4":{"start":{"line":19,"column":28},"end":{"line":19,"column":43}},"5":{"start":{"line":21,"column":2},"end":{"line":28,"column":4}},"6":{"start":{"line":23,"column":43},"end":{"line":23,"column":59}}},"fnMap":{"0":{"name":"(anonymous_0)","decl":{"start":{"line":10,"column":20},"end":{"line":10,"column":21}},"loc":{"start":{"line":10,"column":26},"end":{"line":16,"column":1}},"line":10},"1":{"name":"(anonymous_1)","decl":{"start":{"line":11,"column":11},"end":{"line":11,"column":12}},"loc":{"start":{"line":11,"column":17},"end":{"line":13,"column":3}},"line":11},"2":{"name":"(anonymous_2)","decl":{"start":{"line":18,"column":15},"end":{"line":18,"column":16}},"loc":{"start":{"line":18,"column":21},"end":{"line":29,"column":1}},"line":18},"3":{"name":"(anonymous_3)","decl":{"start":{"line":23,"column":37},"end":{"line":23,"column":38}},"loc":{"start":{"line":23,"column":43},"end":{"line":23,"column":59}},"line":23}},"branchMap":{"0":{"loc":{"start":{"line":24,"column":9},"end":{"line":24,"column":36}},"type":"cond-expr","locations":[{"start":{"line":24,"column":17},"end":{"line":24,"column":26}},{"start":{"line":24,"column":29},"end":{"line":24,"column":36}}],"line":24},"1":{"loc":{"start":{"line":26,"column":7},"end":{"line":26,"column":31}},"type":"binary-expr","locations":[{"start":{"line":26,"column":7},"end":{"line":26,"column":12}},{"start":{"line":26,"column":16},"end":{"line":26,"column":31}}],"line":26}},"s":{"0":0,"1":0,"2":0,"3":0,"4":0,"5":0,"6":0},"f":{"0":0,"1":0,"2":0,"3":0},"b":{"0":[0,0],"1":[0,0]}}
,"/Users/xingyuefeng/code/github/multi-hooks/packages/hooks/src/useUnmount/index.ts": {"path":"/Users/xingyuefeng/code/github/multi-hooks/packages/hooks/src/useUnmount/index.ts","statementMap":{"0":{"start":{"line":3,"column":19},"end":{"line":13,"column":1}},"1":{"start":{"line":5,"column":16},"end":{"line":5,"column":26}},"2":{"start":{"line":6,"column":2},"end":{"line":6,"column":21}},"3":{"start":{"line":8,"column":2},"end":{"line":12,"column":9}},"4":{"start":{"line":8,"column":18},"end":{"line":12,"column":3}},"5":{"start":{"line":9,"column":4},"end":{"line":11,"column":5}},"6":{"start":{"line":10,"column":6},"end":{"line":10,"column":21}}},"fnMap":{"0":{"name":"(anonymous_0)","decl":{"start":{"line":3,"column":19},"end":{"line":3,"column":20}},"loc":{"start":{"line":3,"column":43},"end":{"line":13,"column":1}},"line":3},"1":{"name":"(anonymous_1)","decl":{"start":{"line":8,"column":12},"end":{"line":8,"column":13}},"loc":{"start":{"line":8,"column":18},"end":{"line":12,"column":3}},"line":8},"2":{"name":"(anonymous_2)","decl":{"start":{"line":8,"column":18},"end":{"line":8,"column":19}},"loc":{"start":{"line":8,"column":24},"end":{"line":12,"column":3}},"line":8}},"branchMap":{"0":{"loc":{"start":{"line":9,"column":4},"end":{"line":11,"column":5}},"type":"if","locations":[{"start":{"line":9,"column":4},"end":{"line":11,"column":5}},{"start":{"line":9,"column":4},"end":{"line":11,"column":5}}],"line":9},"1":{"loc":{"start":{"line":9,"column":8},"end":{"line":9,"column":60}},"type":"binary-expr","locations":[{"start":{"line":9,"column":8},"end":{"line":9,"column":21}},{"start":{"line":9,"column":25},"end":{"line":9,"column":60}}],"line":9}},"s":{"0":1,"1":2,"2":2,"3":2,"4":1,"5":1,"6":1},"f":{"0":2,"1":1,"2":1},"b":{"0":[1,0],"1":[1,1]},"_coverageSchema":"1a1c01bbd47fc00a2c39e90264f33305004495a9","hash":"dae1ea1ff57a35c549087b7d6131896786052ece"}
,"/Users/xingyuefeng/code/github/multi-hooks/packages/hooks/src/useUnmount/demos/demo1.tsx": {"path":"/Users/xingyuefeng/code/github/multi-hooks/packages/hooks/src/useUnmount/demos/demo1.tsx","statementMap":{"0":{"start":{"line":10,"column":20},"end":{"line":16,"column":1}},"1":{"start":{"line":11,"column":2},"end":{"line":13,"column":5}},"2":{"start":{"line":12,"column":4},"end":{"line":12,"column":31}},"3":{"start":{"line":15,"column":2},"end":{"line":15,"column":32}},"4":{"start":{"line":19,"column":28},"end":{"line":19,"column":43}},"5":{"start":{"line":21,"column":2},"end":{"line":28,"column":4}},"6":{"start":{"line":23,"column":43},"end":{"line":23,"column":59}}},"fnMap":{"0":{"name":"(anonymous_0)","decl":{"start":{"line":10,"column":20},"end":{"line":10,"column":21}},"loc":{"start":{"line":10,"column":26},"end":{"line":16,"column":1}},"line":10},"1":{"name":"(anonymous_1)","decl":{"start":{"line":11,"column":13},"end":{"line":11,"column":14}},"loc":{"start":{"line":11,"column":19},"end":{"line":13,"column":3}},"line":11},"2":{"name":"(anonymous_2)","decl":{"start":{"line":18,"column":15},"end":{"line":18,"column":16}},"loc":{"start":{"line":18,"column":21},"end":{"line":29,"column":1}},"line":18},"3":{"name":"(anonymous_3)","decl":{"start":{"line":23,"column":37},"end":{"line":23,"column":38}},"loc":{"start":{"line":23,"column":43},"end":{"line":23,"column":59}},"line":23}},"branchMap":{"0":{"loc":{"start":{"line":24,"column":9},"end":{"line":24,"column":36}},"type":"cond-expr","locations":[{"start":{"line":24,"column":17},"end":{"line":24,"column":26}},{"start":{"line":24,"column":29},"end":{"line":24,"column":36}}],"line":24},"1":{"loc":{"start":{"line":26,"column":7},"end":{"line":26,"column":31}},"type":"binary-expr","locations":[{"start":{"line":26,"column":7},"end":{"line":26,"column":12}},{"start":{"line":26,"column":16},"end":{"line":26,"column":31}}],"line":26}},"s":{"0":0,"1":0,"2":0,"3":0,"4":0,"5":0,"6":0},"f":{"0":0,"1":0,"2":0,"3":0},"b":{"0":[0,0],"1":[0,0]}}
,"/Users/xingyuefeng/code/github/multi-hooks/packages/hooks/src/utils/dom.ts": {"path":"/Users/xingyuefeng/code/github/multi-hooks/packages/hooks/src/utils/dom.ts","statementMap":{"0":{"start":{"line":17,"column":2},"end":{"line":19,"column":3}},"1":{"start":{"line":18,"column":4},"end":{"line":18,"column":26}},"2":{"start":{"line":22,"column":2},"end":{"line":30,"column":3}},"3":{"start":{"line":23,"column":4},"end":{"line":23,"column":29}},"4":{"start":{"line":25,"column":9},"end":{"line":30,"column":3}},"5":{"start":{"line":26,"column":4},"end":{"line":26,"column":35}},"6":{"start":{"line":29,"column":4},"end":{"line":29,"column":27}},"7":{"start":{"line":32,"column":2},"end":{"line":32,"column":23}}},"fnMap":{"0":{"name":"getTargetElement","decl":{"start":{"line":13,"column":16},"end":{"line":13,"column":32}},"loc":{"start":{"line":16,"column":37},"end":{"line":33,"column":1}},"line":16}},"branchMap":{"0":{"loc":{"start":{"line":17,"column":2},"end":{"line":19,"column":3}},"type":"if","locations":[{"start":{"line":17,"column":2},"end":{"line":19,"column":3}},{"start":{"line":17,"column":2},"end":{"line":19,"column":3}}],"line":17},"1":{"loc":{"start":{"line":22,"column":2},"end":{"line":30,"column":3}},"type":"if","locations":[{"start":{"line":22,"column":2},"end":{"line":30,"column":3}},{"start":{"line":22,"column":2},"end":{"line":30,"column":3}}],"line":22},"2":{"loc":{"start":{"line":25,"column":9},"end":{"line":30,"column":3}},"type":"if","locations":[{"start":{"line":25,"column":9},"end":{"line":30,"column":3}},{"start":{"line":25,"column":9},"end":{"line":30,"column":3}}],"line":25}},"s":{"0":0,"1":0,"2":0,"3":0,"4":0,"5":0,"6":0,"7":0},"f":{"0":0},"b":{"0":[0,0],"1":[0,0],"2":[0,0]}}
,"/Users/xingyuefeng/code/github/multi-hooks/packages/hooks/src/utils/testingHelpers.ts": {"path":"/Users/xingyuefeng/code/github/multi-hooks/packages/hooks/src/utils/testingHelpers.ts","statementMap":{"0":{"start":{"line":2,"column":2},"end":{"line":6,"column":5}},"1":{"start":{"line":3,"column":4},"end":{"line":5,"column":13}},"2":{"start":{"line":4,"column":6},"end":{"line":4,"column":16}}},"fnMap":{"0":{"name":"sleep","decl":{"start":{"line":1,"column":16},"end":{"line":1,"column":21}},"loc":{"start":{"line":1,"column":36},"end":{"line":7,"column":1}},"line":1},"1":{"name":"(anonymous_1)","decl":{"start":{"line":2,"column":21},"end":{"line":2,"column":22}},"loc":{"start":{"line":2,"column":32},"end":{"line":6,"column":3}},"line":2},"2":{"name":"(anonymous_2)","decl":{"start":{"line":3,"column":15},"end":{"line":3,"column":16}},"loc":{"start":{"line":3,"column":21},"end":{"line":5,"column":5}},"line":3}},"branchMap":{},"s":{"0":5,"1":5,"2":4},"f":{"0":5,"1":5,"2":4},"b":{},"_coverageSchema":"1a1c01bbd47fc00a2c39e90264f33305004495a9","hash":"49975dcad9dbb9198dbfa570bbc8a0f850fbc50b"}
}
